{
  "stats": {
    "suites": 1,
    "tests": 1,
    "passes": 1,
    "pending": 0,
    "failures": 0,
    "start": "2020-05-15T10:24:16.208Z",
    "end": "2020-05-15T10:24:16.226Z",
    "duration": 18,
    "testsRegistered": 1,
    "passPercent": 100,
    "pendingPercent": 0,
    "other": 0,
    "hasOther": false,
    "skipped": 0,
    "hasSkipped": false
  },
  "results": [
    {
      "uuid": "9ae9a9bc-e5d2-4e27-bd7f-a5c0f0849f11",
      "title": "",
      "fullFile": "",
      "file": "",
      "beforeHooks": [
        {
          "title": "\"before all\" hook: Runs before all tests suites",
          "fullTitle": "\"before all\" hook: Runs before all tests suites",
          "timedOut": false,
          "duration": 1,
          "state": null,
          "speed": null,
          "pass": false,
          "fail": false,
          "pending": false,
          "context": null,
          "code": "console.log(`Tests start at ${new Date()}`);",
          "err": {},
          "uuid": "137f423c-547b-45d5-8e4d-8303c78053c1",
          "parentUUID": "9ae9a9bc-e5d2-4e27-bd7f-a5c0f0849f11",
          "isHook": true,
          "skipped": false
        }
      ],
      "afterHooks": [
        {
          "title": "\"after all\" hook: Runs after all tests suites",
          "fullTitle": "\"after all\" hook: Runs after all tests suites",
          "timedOut": false,
          "duration": 0,
          "state": null,
          "speed": null,
          "pass": false,
          "fail": false,
          "pending": false,
          "context": null,
          "code": "console.log(`Tests end at ${new Date()}`);",
          "err": {},
          "uuid": "83e734b0-d1db-4740-8313-fcc2b70d3223",
          "parentUUID": "9ae9a9bc-e5d2-4e27-bd7f-a5c0f0849f11",
          "isHook": true,
          "skipped": false
        }
      ],
      "tests": [],
      "suites": [
        {
          "uuid": "b9b45b68-4ca4-4644-a7da-281e008667dc",
          "title": "Test infrastructure",
          "fullFile": "/Users/colinhobday/project/bendigo/legacy-mongoose/test/root.spec.js",
          "file": "/test/root.spec.js",
          "beforeHooks": [],
          "afterHooks": [],
          "tests": [
            {
              "title": "should be ready",
              "fullTitle": "Test infrastructure should be ready",
              "timedOut": false,
              "duration": 1,
              "state": "passed",
              "speed": "fast",
              "pass": true,
              "fail": false,
              "pending": false,
              "context": null,
              "code": "const result = await new Promise((resolve, reject) => resolve());\nreturn result;",
              "err": {},
              "uuid": "6c921af4-109d-45be-ace4-3fed069da5ea",
              "parentUUID": "b9b45b68-4ca4-4644-a7da-281e008667dc",
              "isHook": false,
              "skipped": false
            }
          ],
          "suites": [],
          "passes": [
            "6c921af4-109d-45be-ace4-3fed069da5ea"
          ],
          "failures": [],
          "pending": [],
          "skipped": [],
          "duration": 1,
          "root": false,
          "rootEmpty": false,
          "_timeout": 2000
        }
      ],
      "passes": [],
      "failures": [],
      "pending": [],
      "skipped": [],
      "duration": 0,
      "root": true,
      "rootEmpty": true,
      "_timeout": 2000
    }
  ],
  "meta": {
    "mocha": {
      "version": "7.1.2"
    },
    "mochawesome": {
      "options": {
        "quiet": false,
        "reportFilename": "testResults",
        "saveHtml": true,
        "saveJson": true,
        "consoleReporter": "spec",
        "useInlineDiffs": false,
        "code": true
      },
      "version": "6.1.1"
    },
    "marge": {
      "options": {
        "reportTitle": "Test Results",
        "reportPageTitle": "Test Results",
        "reportDir": "testResults",
        "reportFilename": "testResults",
        "charts": "true",
        "autoOpen": "true"
      },
      "version": "5.1.0"
    }
  }
}