{
  "stats": {
    "suites": 1,
    "tests": 1,
    "passes": 1,
    "pending": 0,
    "failures": 0,
    "start": "2020-05-20T10:26:07.485Z",
    "end": "2020-05-20T10:26:08.341Z",
    "duration": 856,
    "testsRegistered": 1,
    "passPercent": 100,
    "pendingPercent": 0,
    "other": 0,
    "hasOther": false,
    "skipped": 0,
    "hasSkipped": false
  },
  "results": [
    {
      "uuid": "b5e753c0-447c-41fa-8930-2e0a0207e55e",
      "title": "",
      "fullFile": "",
      "file": "",
      "beforeHooks": [
        {
          "title": "\"before all\" hook: Runs before all tests suites",
          "fullTitle": "\"before all\" hook: Runs before all tests suites",
          "timedOut": false,
          "duration": 94,
          "state": null,
          "speed": null,
          "pass": false,
          "fail": false,
          "pending": false,
          "context": null,
          "code": "console.log(`Tests start at ${new Date()}`);\nawait _common.default.start();",
          "err": {},
          "uuid": "f6eaf60c-300d-45bc-ace2-fd1d2bd16f28",
          "parentUUID": "b5e753c0-447c-41fa-8930-2e0a0207e55e",
          "isHook": true,
          "skipped": false
        }
      ],
      "afterHooks": [
        {
          "title": "\"after all\" hook: Runs after all tests suites",
          "fullTitle": "\"after all\" hook: Runs after all tests suites",
          "timedOut": false,
          "duration": 1,
          "state": null,
          "speed": null,
          "pass": false,
          "fail": false,
          "pending": false,
          "context": null,
          "code": "console.log(`Tests end at ${new Date()}`);",
          "err": {},
          "uuid": "de813494-15b6-4472-9d63-01203001a43c",
          "parentUUID": "b5e753c0-447c-41fa-8930-2e0a0207e55e",
          "isHook": true,
          "skipped": false
        }
      ],
      "tests": [],
      "suites": [
        {
          "uuid": "9715eb6f-a5c3-45c1-a5e2-a6324a5285cb",
          "title": "Main Flow",
          "fullFile": "/Users/colinhobday/project/bendigo/legacy-mongoose/test/main.spec.js",
          "file": "/test/main.spec.js",
          "beforeHooks": [
            {
              "title": "\"before all\" hook",
              "fullTitle": "Main Flow \"before all\" hook",
              "timedOut": false,
              "duration": 24,
              "state": null,
              "speed": null,
              "pass": false,
              "fail": false,
              "pending": false,
              "context": null,
              "code": "const RABBIT_MQ_URI = 'amqp://localhost';\nrabbitMqConnection = await _amqplib.default.connect(RABBIT_MQ_URI);\nreturn rabbitMqConnection;",
              "err": {},
              "uuid": "3d444ea9-1634-42d1-804d-19dd16383660",
              "parentUUID": "9715eb6f-a5c3-45c1-a5e2-a6324a5285cb",
              "isHook": true,
              "skipped": false
            },
            {
              "title": "\"before each\" hook",
              "fullTitle": "Main Flow \"before each\" hook",
              "timedOut": false,
              "duration": 127,
              "state": null,
              "speed": null,
              "pass": false,
              "fail": false,
              "pending": false,
              "context": null,
              "code": "server = require('../src/index');\n_common.default.createDoc('policies', policy1);",
              "err": {},
              "uuid": "02416b2c-2acc-4613-b99a-13d3505b3cd3",
              "parentUUID": "9715eb6f-a5c3-45c1-a5e2-a6324a5285cb",
              "isHook": true,
              "skipped": false
            }
          ],
          "afterHooks": [
            {
              "title": "\"after all\" hook",
              "fullTitle": "Main Flow \"after all\" hook",
              "timedOut": false,
              "duration": 1,
              "state": null,
              "speed": null,
              "pass": false,
              "fail": false,
              "pending": false,
              "context": null,
              "code": "rabbitMqConnection.close();",
              "err": {},
              "uuid": "0d404237-2530-4de2-86fc-0daf0faf265e",
              "parentUUID": "9715eb6f-a5c3-45c1-a5e2-a6324a5285cb",
              "isHook": true,
              "skipped": false
            },
            {
              "title": "\"after each\" hook",
              "fullTitle": "Main Flow \"after each\" hook",
              "timedOut": false,
              "duration": 6,
              "state": null,
              "speed": null,
              "pass": false,
              "fail": false,
              "pending": false,
              "context": null,
              "code": "await _common.default.cleanup();",
              "err": {},
              "uuid": "5128fd73-0689-4505-8886-a62a617763bb",
              "parentUUID": "9715eb6f-a5c3-45c1-a5e2-a6324a5285cb",
              "isHook": true,
              "skipped": false
            }
          ],
          "tests": [
            {
              "title": "can create a claim",
              "fullTitle": "Main Flow can create a claim",
              "timedOut": false,
              "duration": 597,
              "state": "passed",
              "speed": "slow",
              "pass": true,
              "fail": false,
              "pending": false,
              "context": null,
              "code": "const messages = [];\nawait setupQueue(messages);\nconst response = await (0, _supertest.default)(server).post('/claims').send(claim1).set('Accept', 'application/json');\nconst claimNumber = response.body.claimNumber;\nresponse.status.should.equal(201);\nconst dbRecord = await _common.default.findOne('claims', {\n  claimNumber: claimNumber\n});\nclaim1.description.should.eql(dbRecord.description);\nclaim1.policyNumber.should.eql(dbRecord.policyNumber);\ndbRecord.issues.length.should.equals(1);\n(0, _match.default)(claim1.issues[0], dbRecord.issues[0], '_id');\nmessages.length.should.equals(1);\nmessages[0].description.should.eql(dbRecord.description);\nmessages[0].policyNumber.should.eql(dbRecord.policyNumber);\nmessages[0].issues.length.should.equals(1);\n(0, _match.default)(messages[0].issues[0], dbRecord.issues[0], '_id');\nreturn response;",
              "err": {},
              "uuid": "012a659e-818e-4e0e-a03e-225d29efc717",
              "parentUUID": "9715eb6f-a5c3-45c1-a5e2-a6324a5285cb",
              "isHook": false,
              "skipped": false
            }
          ],
          "suites": [],
          "passes": [
            "012a659e-818e-4e0e-a03e-225d29efc717"
          ],
          "failures": [],
          "pending": [],
          "skipped": [],
          "duration": 597,
          "root": false,
          "rootEmpty": false,
          "_timeout": 2000
        }
      ],
      "passes": [],
      "failures": [],
      "pending": [],
      "skipped": [],
      "duration": 0,
      "root": true,
      "rootEmpty": true,
      "_timeout": 2000
    }
  ],
  "meta": {
    "mocha": {
      "version": "7.1.2"
    },
    "mochawesome": {
      "options": {
        "quiet": false,
        "reportFilename": "testResults",
        "saveHtml": true,
        "saveJson": true,
        "consoleReporter": "spec",
        "useInlineDiffs": false,
        "code": true
      },
      "version": "6.1.1"
    },
    "marge": {
      "options": {
        "reportTitle": "Test Results",
        "reportPageTitle": "Test Results",
        "reportDir": "testResults",
        "reportFilename": "testResults",
        "charts": "true",
        "autoOpen": "true"
      },
      "version": "5.1.0"
    }
  }
}