{
  "stats": {
    "suites": 1,
    "tests": 1,
    "passes": 1,
    "pending": 0,
    "failures": 0,
    "start": "2020-05-21T04:24:19.622Z",
    "end": "2020-05-21T04:24:19.727Z",
    "duration": 105,
    "testsRegistered": 1,
    "passPercent": 100,
    "pendingPercent": 0,
    "other": 0,
    "hasOther": false,
    "skipped": 0,
    "hasSkipped": false
  },
  "results": [
    {
      "uuid": "68905a06-0f67-42f7-8599-03585e2d8afc",
      "title": "",
      "fullFile": "",
      "file": "",
      "beforeHooks": [
        {
          "title": "\"before all\" hook: Runs before all tests suites",
          "fullTitle": "\"before all\" hook: Runs before all tests suites",
          "timedOut": false,
          "duration": 89,
          "state": null,
          "speed": null,
          "pass": false,
          "fail": false,
          "pending": false,
          "context": null,
          "code": "console.log(`Tests start at ${new Date()}`);\nawait _common.mongoHelper.start();",
          "err": {},
          "uuid": "d55dc216-547f-4cfa-9e64-a888d88db8f9",
          "parentUUID": "68905a06-0f67-42f7-8599-03585e2d8afc",
          "isHook": true,
          "skipped": false
        }
      ],
      "afterHooks": [
        {
          "title": "\"after all\" hook: Runs after all tests suites",
          "fullTitle": "\"after all\" hook: Runs after all tests suites",
          "timedOut": false,
          "duration": 1,
          "state": null,
          "speed": null,
          "pass": false,
          "fail": false,
          "pending": false,
          "context": null,
          "code": "console.log(`Tests end at ${new Date()}`);",
          "err": {},
          "uuid": "887de9cb-3f41-4968-a031-b6a47d239228",
          "parentUUID": "68905a06-0f67-42f7-8599-03585e2d8afc",
          "isHook": true,
          "skipped": false
        },
        {
          "title": "\"after each\" hook",
          "fullTitle": "\"after each\" hook",
          "timedOut": false,
          "duration": 11,
          "state": null,
          "speed": null,
          "pass": false,
          "fail": false,
          "pending": false,
          "context": null,
          "code": "await _common.mongoHelper.cleanup();",
          "err": {},
          "uuid": "bdac8575-7575-43b4-9f24-375d3b2115d7",
          "parentUUID": "68905a06-0f67-42f7-8599-03585e2d8afc",
          "isHook": true,
          "skipped": false
        }
      ],
      "tests": [],
      "suites": [
        {
          "uuid": "ca198611-8518-440d-a47e-148df1555ca0",
          "title": "Test infrastructure",
          "fullFile": "/Users/colinhobday/project/bendigo/legacy-mongoose/test/root.spec.js",
          "file": "/test/root.spec.js",
          "beforeHooks": [],
          "afterHooks": [],
          "tests": [
            {
              "title": "is running",
              "fullTitle": "Test infrastructure is running",
              "timedOut": false,
              "duration": 0,
              "state": "passed",
              "speed": "fast",
              "pass": true,
              "fail": false,
              "pending": false,
              "context": null,
              "code": "const result = await new Promise((resolve, reject) => resolve());\nreturn result;",
              "err": {},
              "uuid": "2acef61a-e1e4-459a-906a-b88ff5c6d58f",
              "parentUUID": "ca198611-8518-440d-a47e-148df1555ca0",
              "isHook": false,
              "skipped": false
            }
          ],
          "suites": [],
          "passes": [
            "2acef61a-e1e4-459a-906a-b88ff5c6d58f"
          ],
          "failures": [],
          "pending": [],
          "skipped": [],
          "duration": 0,
          "root": false,
          "rootEmpty": false,
          "_timeout": 2000
        }
      ],
      "passes": [],
      "failures": [],
      "pending": [],
      "skipped": [],
      "duration": 0,
      "root": true,
      "rootEmpty": true,
      "_timeout": 2000
    }
  ],
  "meta": {
    "mocha": {
      "version": "7.1.2"
    },
    "mochawesome": {
      "options": {
        "quiet": false,
        "reportFilename": "testResults",
        "saveHtml": true,
        "saveJson": true,
        "consoleReporter": "spec",
        "useInlineDiffs": false,
        "code": true
      },
      "version": "6.1.1"
    },
    "marge": {
      "options": {
        "reportTitle": "Test Results",
        "reportPageTitle": "Test Results",
        "reportDir": "testResults",
        "reportFilename": "testResults",
        "charts": "true",
        "autoOpen": "true"
      },
      "version": "5.1.0"
    }
  }
}