{
  "stats": {
    "suites": 1,
    "tests": 1,
    "passes": 1,
    "pending": 0,
    "failures": 0,
    "start": "2020-05-18T10:20:30.919Z",
    "end": "2020-05-18T10:20:31.207Z",
    "duration": 288,
    "testsRegistered": 1,
    "passPercent": 100,
    "pendingPercent": 0,
    "other": 0,
    "hasOther": false,
    "skipped": 0,
    "hasSkipped": false
  },
  "results": [
    {
      "uuid": "2e78800e-d0ac-4ebe-872c-2274663d9045",
      "title": "",
      "fullFile": "",
      "file": "",
      "beforeHooks": [
        {
          "title": "\"before all\" hook: Runs before all tests suites",
          "fullTitle": "\"before all\" hook: Runs before all tests suites",
          "timedOut": false,
          "duration": 77,
          "state": null,
          "speed": null,
          "pass": false,
          "fail": false,
          "pending": false,
          "context": null,
          "code": "console.log(`Tests start at ${new Date()}`);\nawait _common.default.start();",
          "err": {},
          "uuid": "64993e70-f155-4f18-8b9d-1ff760c46398",
          "parentUUID": "2e78800e-d0ac-4ebe-872c-2274663d9045",
          "isHook": true,
          "skipped": false
        }
      ],
      "afterHooks": [
        {
          "title": "\"after all\" hook: Runs after all tests suites",
          "fullTitle": "\"after all\" hook: Runs after all tests suites",
          "timedOut": false,
          "duration": 0,
          "state": null,
          "speed": null,
          "pass": false,
          "fail": false,
          "pending": false,
          "context": null,
          "code": "console.log(`Tests end at ${new Date()}`);",
          "err": {},
          "uuid": "845e47f0-b6b8-4225-874d-dfdbceeb2663",
          "parentUUID": "2e78800e-d0ac-4ebe-872c-2274663d9045",
          "isHook": true,
          "skipped": false
        }
      ],
      "tests": [],
      "suites": [
        {
          "uuid": "499a17b6-4e6e-4b67-ae30-916df090ec6d",
          "title": "Alternate Flow",
          "fullFile": "/Users/colinhobday/project/bendigo/legacy-mongoose/test/alt.spec.js",
          "file": "/test/alt.spec.js",
          "beforeHooks": [
            {
              "title": "\"before each\" hook",
              "fullTitle": "Alternate Flow \"before each\" hook",
              "timedOut": false,
              "duration": 156,
              "state": null,
              "speed": null,
              "pass": false,
              "fail": false,
              "pending": false,
              "context": null,
              "code": "server = require('../src/index');\n_common.default.createDoc('policies', policy1);",
              "err": {},
              "uuid": "0703145c-76a9-4839-8ef3-be11738c3ef2",
              "parentUUID": "499a17b6-4e6e-4b67-ae30-916df090ec6d",
              "isHook": true,
              "skipped": false
            }
          ],
          "afterHooks": [
            {
              "title": "\"after each\" hook",
              "fullTitle": "Alternate Flow \"after each\" hook",
              "timedOut": false,
              "duration": 8,
              "state": null,
              "speed": null,
              "pass": false,
              "fail": false,
              "pending": false,
              "context": null,
              "code": "await _common.default.cleanup();",
              "err": {},
              "uuid": "e56fdd2d-49d5-40cc-99e3-734d80f8c6cf",
              "parentUUID": "499a17b6-4e6e-4b67-ae30-916df090ec6d",
              "isHook": true,
              "skipped": false
            }
          ],
          "tests": [
            {
              "title": "can get all policy",
              "fullTitle": "Alternate Flow can get all policy",
              "timedOut": false,
              "duration": 43,
              "state": "passed",
              "speed": "medium",
              "pass": true,
              "fail": false,
              "pending": false,
              "context": null,
              "code": "const response = await (0, _supertest.default)(server).get(`/policies`);\nresponse.status.should.equal(200);\nObject.keys(response.body).should.be.eqls(['0']);\n(0, _match.default)(policy1, response.body[\"0\"], '_id');\nreturn response;",
              "err": {},
              "uuid": "fb4b778e-dc84-4c19-b9fd-bf78ae6ba7ac",
              "parentUUID": "499a17b6-4e6e-4b67-ae30-916df090ec6d",
              "isHook": false,
              "skipped": false
            }
          ],
          "suites": [],
          "passes": [
            "fb4b778e-dc84-4c19-b9fd-bf78ae6ba7ac"
          ],
          "failures": [],
          "pending": [],
          "skipped": [],
          "duration": 43,
          "root": false,
          "rootEmpty": false,
          "_timeout": 2000
        }
      ],
      "passes": [],
      "failures": [],
      "pending": [],
      "skipped": [],
      "duration": 0,
      "root": true,
      "rootEmpty": true,
      "_timeout": 2000
    }
  ],
  "meta": {
    "mocha": {
      "version": "7.1.2"
    },
    "mochawesome": {
      "options": {
        "quiet": false,
        "reportFilename": "testResults",
        "saveHtml": true,
        "saveJson": true,
        "consoleReporter": "spec",
        "useInlineDiffs": false,
        "code": true
      },
      "version": "6.1.1"
    },
    "marge": {
      "options": {
        "reportTitle": "Test Results",
        "reportPageTitle": "Test Results",
        "reportDir": "testResults",
        "reportFilename": "testResults",
        "charts": "true",
        "autoOpen": "true"
      },
      "version": "5.1.0"
    }
  }
}