{
  "stats": {
    "suites": 1,
    "tests": 1,
    "passes": 1,
    "pending": 0,
    "failures": 0,
    "start": "2020-05-15T10:48:05.377Z",
    "end": "2020-05-15T10:48:05.393Z",
    "duration": 16,
    "testsRegistered": 1,
    "passPercent": 100,
    "pendingPercent": 0,
    "other": 0,
    "hasOther": false,
    "skipped": 0,
    "hasSkipped": false
  },
  "results": [
    {
      "uuid": "a8948643-6fe3-45a6-ab10-91cb4060b326",
      "title": "",
      "fullFile": "",
      "file": "",
      "beforeHooks": [
        {
          "title": "\"before all\" hook: Runs before all tests suites",
          "fullTitle": "\"before all\" hook: Runs before all tests suites",
          "timedOut": false,
          "duration": 1,
          "state": null,
          "speed": null,
          "pass": false,
          "fail": false,
          "pending": false,
          "context": null,
          "code": "console.log(`Tests start at ${new Date()}`);",
          "err": {},
          "uuid": "dc9198f9-9e7e-4881-9206-e37d93e27c71",
          "parentUUID": "a8948643-6fe3-45a6-ab10-91cb4060b326",
          "isHook": true,
          "skipped": false
        }
      ],
      "afterHooks": [
        {
          "title": "\"after all\" hook: Runs after all tests suites",
          "fullTitle": "\"after all\" hook: Runs after all tests suites",
          "timedOut": false,
          "duration": 0,
          "state": null,
          "speed": null,
          "pass": false,
          "fail": false,
          "pending": false,
          "context": null,
          "code": "console.log(`Tests end at ${new Date()}`);",
          "err": {},
          "uuid": "ea159346-5c60-4780-8acf-a7befeaa7920",
          "parentUUID": "a8948643-6fe3-45a6-ab10-91cb4060b326",
          "isHook": true,
          "skipped": false
        }
      ],
      "tests": [],
      "suites": [
        {
          "uuid": "525e5214-efbe-4097-b222-c3af35b32c54",
          "title": "Test infrastructure",
          "fullFile": "/Users/colinhobday/project/bendigo/legacy-mongoose/test/root.spec.js",
          "file": "/test/root.spec.js",
          "beforeHooks": [],
          "afterHooks": [],
          "tests": [
            {
              "title": "is running",
              "fullTitle": "Test infrastructure is running",
              "timedOut": false,
              "duration": 1,
              "state": "passed",
              "speed": "fast",
              "pass": true,
              "fail": false,
              "pending": false,
              "context": null,
              "code": "const result = await new Promise((resolve, reject) => resolve());\nreturn result;",
              "err": {},
              "uuid": "eb9cfdaf-55c6-4c5a-a3e4-c095f9b32230",
              "parentUUID": "525e5214-efbe-4097-b222-c3af35b32c54",
              "isHook": false,
              "skipped": false
            }
          ],
          "suites": [],
          "passes": [
            "eb9cfdaf-55c6-4c5a-a3e4-c095f9b32230"
          ],
          "failures": [],
          "pending": [],
          "skipped": [],
          "duration": 1,
          "root": false,
          "rootEmpty": false,
          "_timeout": 2000
        }
      ],
      "passes": [],
      "failures": [],
      "pending": [],
      "skipped": [],
      "duration": 0,
      "root": true,
      "rootEmpty": true,
      "_timeout": 2000
    }
  ],
  "meta": {
    "mocha": {
      "version": "7.1.2"
    },
    "mochawesome": {
      "options": {
        "quiet": false,
        "reportFilename": "testResults",
        "saveHtml": true,
        "saveJson": true,
        "consoleReporter": "spec",
        "useInlineDiffs": false,
        "code": true
      },
      "version": "6.1.1"
    },
    "marge": {
      "options": {
        "reportTitle": "Test Results",
        "reportPageTitle": "Test Results",
        "reportDir": "testResults",
        "reportFilename": "testResults",
        "charts": "true",
        "autoOpen": "true"
      },
      "version": "5.1.0"
    }
  }
}